<?xml version="1.0" encoding="UTF-8"?>
<!-- Generated by org.testng.reporters.JUnitReportReporter -->
<testsuite hostname="DESKTOP-AFCKOUK" failures="0" tests="1" name="practice.A" time="3.516" errors="0" timestamp="2024-08-13T13:22:17 IST" skipped="0">
  <testcase classname="practice.A" name="takesscnshot" time="3.516"/>
</testsuite> <!-- practice.A -->
