<?xml version="1.0" encoding="UTF-8"?>
<!-- Generated by org.testng.reporters.JUnitReportReporter -->
<testsuite hostname="DESKTOP-AFCKOUK" failures="0" tests="1" name="practice.CreateOrganisationTest" time="18.116" errors="0" timestamp="2024-08-13T21:09:19 IST" skipped="0">
  <testcase classname="practice.CreateOrganisationTest" name="createOrg" time="18.116"/>
  <system-out>
    <![CDATA[ORGANISATIO IS CREATED and tc is pass]]>
  </system-out>
</testsuite> <!-- practice.CreateOrganisationTest -->
